   1               		.file	"os_cpu_c.c"
   2               	__SREG__ = 0x3f
   3               	__SP_H__ = 0x3e
   4               	__SP_L__ = 0x3d
   5               	__tmp_reg__ = 0
   6               	__zero_reg__ = 1
   7               		.global __do_copy_data
   8               		.global __do_clear_bss
  16               	.Ltext0:
  17               	.global	OSTaskStkInit
  19               	OSTaskStkInit:
  20               	.LFB3:
  21               	.LM1:
  22               	/* prologue: frame size=0 */
  23               	/* prologue end (size=0) */
  24               	.LVL0:
  25 0000 FA01      		movw r30,r20
  26               	.LM2:
  27 0002 20E0      		ldi r18,lo8(gs(OSTaskDelMissing))
  28 0004 30E0      		ldi r19,hi8(gs(OSTaskDelMissing))
  29               	.LVL1:
  30 0006 2083      		st Z,r18
  31 0008 3197      		sbiw r30,1
  32               	.LVL2:
  33               	.LM3:
  34 000a 232F      		mov r18,r19
  35 000c 3327      		clr r19
  36               	.LVL3:
  37 000e 2083      		st Z,r18
  38 0010 3197      		sbiw r30,1
  39               	.LVL4:
  40               	.LM4:
  41 0012 8083      		st Z,r24
  42 0014 3197      		sbiw r30,1
  43               	.LVL5:
  44               	.LM5:
  45 0016 892F      		mov r24,r25
  46 0018 9927      		clr r25
  47               	.LVL6:
  48 001a 8083      		st Z,r24
  49 001c 3197      		sbiw r30,1
  50               	.LVL7:
  51               	.LM6:
  52 001e 1082      		st Z,__zero_reg__
  53 0020 3197      		sbiw r30,1
  54               	.LVL8:
  55               	.LM7:
  56 0022 1082      		st Z,__zero_reg__
  57 0024 3197      		sbiw r30,1
  58               	.LVL9:
  59               	.LM8:
  60 0026 1082      		st Z,__zero_reg__
  61 0028 3197      		sbiw r30,1
  62               	.LVL10:
  63               	.LM9:
  64 002a 1082      		st Z,__zero_reg__
  65 002c 3197      		sbiw r30,1
  66               	.LVL11:
  67               	.LM10:
  68 002e 1082      		st Z,__zero_reg__
  69 0030 3197      		sbiw r30,1
  70               	.LVL12:
  71               	.LM11:
  72 0032 1082      		st Z,__zero_reg__
  73 0034 3197      		sbiw r30,1
  74               	.LVL13:
  75               	.LM12:
  76 0036 1082      		st Z,__zero_reg__
  77 0038 3197      		sbiw r30,1
  78               	.LVL14:
  79               	.LM13:
  80 003a 1082      		st Z,__zero_reg__
  81 003c 3197      		sbiw r30,1
  82               	.LVL15:
  83               	.LM14:
  84 003e 1082      		st Z,__zero_reg__
  85 0040 3197      		sbiw r30,1
  86               	.LVL16:
  87               	.LM15:
  88 0042 1082      		st Z,__zero_reg__
  89 0044 3197      		sbiw r30,1
  90               	.LVL17:
  91               	.LM16:
  92 0046 1082      		st Z,__zero_reg__
  93 0048 3197      		sbiw r30,1
  94               	.LVL18:
  95               	.LM17:
  96 004a 1082      		st Z,__zero_reg__
  97 004c 3197      		sbiw r30,1
  98               	.LVL19:
  99               	.LM18:
 100 004e 1082      		st Z,__zero_reg__
 101 0050 3197      		sbiw r30,1
 102               	.LVL20:
 103               	.LM19:
 104 0052 1082      		st Z,__zero_reg__
 105 0054 3197      		sbiw r30,1
 106               	.LVL21:
 107               	.LM20:
 108 0056 1082      		st Z,__zero_reg__
 109 0058 3197      		sbiw r30,1
 110               	.LVL22:
 111               	.LM21:
 112 005a 1082      		st Z,__zero_reg__
 113 005c 3197      		sbiw r30,1
 114               	.LVL23:
 115               	.LM22:
 116 005e 1082      		st Z,__zero_reg__
 117 0060 3197      		sbiw r30,1
 118               	.LVL24:
 119               	.LM23:
 120 0062 1082      		st Z,__zero_reg__
 121 0064 3197      		sbiw r30,1
 122               	.LVL25:
 123               	.LM24:
 124 0066 1082      		st Z,__zero_reg__
 125 0068 3197      		sbiw r30,1
 126               	.LVL26:
 127               	.LM25:
 128 006a 1082      		st Z,__zero_reg__
 129 006c 3197      		sbiw r30,1
 130               	.LVL27:
 131               	.LM26:
 132 006e 1082      		st Z,__zero_reg__
 133 0070 3197      		sbiw r30,1
 134               	.LVL28:
 135               	.LM27:
 136 0072 1082      		st Z,__zero_reg__
 137 0074 3197      		sbiw r30,1
 138               	.LVL29:
 139               	.LM28:
 140 0076 1082      		st Z,__zero_reg__
 141 0078 3197      		sbiw r30,1
 142               	.LVL30:
 143               	.LM29:
 144 007a 1082      		st Z,__zero_reg__
 145 007c 3197      		sbiw r30,1
 146               	.LVL31:
 147               	.LM30:
 148 007e 6083      		st Z,r22
 149 0080 3197      		sbiw r30,1
 150               	.LVL32:
 151               	.LM31:
 152 0082 672F      		mov r22,r23
 153 0084 7727      		clr r23
 154               	.LVL33:
 155 0086 6083      		st Z,r22
 156 0088 3197      		sbiw r30,1
 157               	.LVL34:
 158               	.LM32:
 159 008a 1082      		st Z,__zero_reg__
 160 008c 3197      		sbiw r30,1
 161               	.LVL35:
 162               	.LM33:
 163 008e 1082      		st Z,__zero_reg__
 164 0090 3197      		sbiw r30,1
 165               	.LVL36:
 166               	.LM34:
 167 0092 1082      		st Z,__zero_reg__
 168 0094 3197      		sbiw r30,1
 169               	.LVL37:
 170               	.LM35:
 171 0096 1082      		st Z,__zero_reg__
 172 0098 3197      		sbiw r30,1
 173               	.LVL38:
 174               	.LM36:
 175 009a 1082      		st Z,__zero_reg__
 176 009c 3197      		sbiw r30,1
 177               	.LVL39:
 178               	.LM37:
 179 009e 1082      		st Z,__zero_reg__
 180 00a0 3197      		sbiw r30,1
 181               	.LVL40:
 182               	.LM38:
 183 00a2 1082      		st Z,__zero_reg__
 184 00a4 3197      		sbiw r30,1
 185               	.LVL41:
 186               	.LM39:
 187 00a6 80E8      		ldi r24,lo8(-128)
 188 00a8 8083      		st Z,r24
 189               	.LM40:
 190 00aa CF01      		movw r24,r30
 191 00ac 0197      		sbiw r24,1
 192               	/* epilogue: frame size=0 */
 193 00ae 0895      		ret
 194               	/* epilogue end (size=1) */
 195               	/* function OSTaskStkInit size 88 (87) */
 196               	.LFE3:
 198               	.global	OSTaskCreateHook
 200               	OSTaskCreateHook:
 201               	.LFB4:
 202               	.LM41:
 203               	/* prologue: frame size=0 */
 204               	/* prologue end (size=0) */
 205               	.LVL42:
 206               	/* epilogue: frame size=0 */
 207 00b0 0895      		ret
 208               	/* epilogue end (size=1) */
 209               	/* function OSTaskCreateHook size 1 (0) */
 210               	.LFE4:
 212               	.global	OSTaskDelHook
 214               	OSTaskDelHook:
 215               	.LFB5:
 216               	.LM42:
 217               	/* prologue: frame size=0 */
 218               	/* prologue end (size=0) */
 219               	.LVL43:
 220               	/* epilogue: frame size=0 */
 221 00b2 0895      		ret
 222               	/* epilogue end (size=1) */
 223               	/* function OSTaskDelHook size 1 (0) */
 224               	.LFE5:
 226               	.global	OSTaskSwHook
 228               	OSTaskSwHook:
 229               	.LFB6:
 230               	.LM43:
 231               	/* prologue: frame size=0 */
 232               	/* prologue end (size=0) */
 233               	/* epilogue: frame size=0 */
 234 00b4 0895      		ret
 235               	/* epilogue end (size=1) */
 236               	/* function OSTaskSwHook size 1 (0) */
 237               	.LFE6:
 239               	.global	OSTaskStatHook
 241               	OSTaskStatHook:
 242               	.LFB7:
 243               	.LM44:
 244               	/* prologue: frame size=0 */
 245               	/* prologue end (size=0) */
 246               	/* epilogue: frame size=0 */
 247 00b6 0895      		ret
 248               	/* epilogue end (size=1) */
 249               	/* function OSTaskStatHook size 1 (0) */
 250               	.LFE7:
 252               	.global	OSTimeTickHook
 254               	OSTimeTickHook:
 255               	.LFB8:
 256               	.LM45:
 257               	/* prologue: frame size=0 */
 258               	/* prologue end (size=0) */
 259               	/* epilogue: frame size=0 */
 260 00b8 0895      		ret
 261               	/* epilogue end (size=1) */
 262               	/* function OSTimeTickHook size 1 (0) */
 263               	.LFE8:
 265               	.global	OSInitHookBegin
 267               	OSInitHookBegin:
 268               	.LFB9:
 269               	.LM46:
 270               	/* prologue: frame size=0 */
 271               	/* prologue end (size=0) */
 272               	/* epilogue: frame size=0 */
 273 00ba 0895      		ret
 274               	/* epilogue end (size=1) */
 275               	/* function OSInitHookBegin size 1 (0) */
 276               	.LFE9:
 278               	.global	OSInitHookEnd
 280               	OSInitHookEnd:
 281               	.LFB10:
 282               	.LM47:
 283               	/* prologue: frame size=0 */
 284               	/* prologue end (size=0) */
 285               	/* epilogue: frame size=0 */
 286 00bc 0895      		ret
 287               	/* epilogue end (size=1) */
 288               	/* function OSInitHookEnd size 1 (0) */
 289               	.LFE10:
 291               	.global	OSTaskIdleHook
 293               	OSTaskIdleHook:
 294               	.LFB11:
 295               	.LM48:
 296               	/* prologue: frame size=0 */
 297               	/* prologue end (size=0) */
 298               	/* epilogue: frame size=0 */
 299 00be 0895      		ret
 300               	/* epilogue end (size=1) */
 301               	/* function OSTaskIdleHook size 1 (0) */
 302               	.LFE11:
 304               	.global	OSTCBInitHook
 306               	OSTCBInitHook:
 307               	.LFB12:
 308               	.LM49:
 309               	/* prologue: frame size=0 */
 310               	/* prologue end (size=0) */
 311               	.LVL44:
 312               	/* epilogue: frame size=0 */
 313 00c0 0895      		ret
 314               	/* epilogue end (size=1) */
 315               	/* function OSTCBInitHook size 1 (0) */
 316               	.LFE12:
 318               	.global	OSTaskDelMissing
 320               	OSTaskDelMissing:
 321               	.LFB2:
 322               	.LM50:
 323               	/* prologue: frame size=0 */
 324               	/* prologue end (size=0) */
 325               	.LVL45:
 326               	.LM51:
 327 00c2 8FEF      		ldi r24,lo8(-1)
 328               	.LVL46:
 329 00c4 0E94 0000 		call OSTaskDel
 330               	.LVL47:
 331               	/* epilogue: frame size=0 */
 332 00c8 0895      		ret
 333               	/* epilogue end (size=1) */
 334               	/* function OSTaskDelMissing size 4 (3) */
 335               	.LFE2:
 441               	.Letext0:
DEFINED SYMBOLS
                            *ABS*:00000000 os_cpu_c.c
C:\Users\VARGAB~1\AppData\Local\Temp/ccO2rEof.s:2      *ABS*:0000003f __SREG__
C:\Users\VARGAB~1\AppData\Local\Temp/ccO2rEof.s:3      *ABS*:0000003e __SP_H__
C:\Users\VARGAB~1\AppData\Local\Temp/ccO2rEof.s:4      *ABS*:0000003d __SP_L__
C:\Users\VARGAB~1\AppData\Local\Temp/ccO2rEof.s:5      *ABS*:00000000 __tmp_reg__
C:\Users\VARGAB~1\AppData\Local\Temp/ccO2rEof.s:6      *ABS*:00000001 __zero_reg__
C:\Users\VARGAB~1\AppData\Local\Temp/ccO2rEof.s:19     .text:00000000 OSTaskStkInit
C:\Users\VARGAB~1\AppData\Local\Temp/ccO2rEof.s:320    .text:000000c2 OSTaskDelMissing
C:\Users\VARGAB~1\AppData\Local\Temp/ccO2rEof.s:200    .text:000000b0 OSTaskCreateHook
C:\Users\VARGAB~1\AppData\Local\Temp/ccO2rEof.s:214    .text:000000b2 OSTaskDelHook
C:\Users\VARGAB~1\AppData\Local\Temp/ccO2rEof.s:228    .text:000000b4 OSTaskSwHook
C:\Users\VARGAB~1\AppData\Local\Temp/ccO2rEof.s:241    .text:000000b6 OSTaskStatHook
C:\Users\VARGAB~1\AppData\Local\Temp/ccO2rEof.s:254    .text:000000b8 OSTimeTickHook
C:\Users\VARGAB~1\AppData\Local\Temp/ccO2rEof.s:267    .text:000000ba OSInitHookBegin
C:\Users\VARGAB~1\AppData\Local\Temp/ccO2rEof.s:280    .text:000000bc OSInitHookEnd
C:\Users\VARGAB~1\AppData\Local\Temp/ccO2rEof.s:293    .text:000000be OSTaskIdleHook
C:\Users\VARGAB~1\AppData\Local\Temp/ccO2rEof.s:306    .text:000000c0 OSTCBInitHook

UNDEFINED SYMBOLS
__do_copy_data
__do_clear_bss
OSTaskDel
